╔════════════════════════════════════════════════════════════════════════════════════════════╗
║                               MEMORY WRITE LOG - Shadow Paging Debugger                                ║
╚════════════════════════════════════════════════════════════════════════════════════════════╝

| Timestamp           | Time (sec) | Address        | Index |  Old Value |  New Value | Cnt |
|---------------------|------------|----------------|-------|------------|------------|-----|

Log Started: 2025-10-29 01:07:31

| 2025-10-29 01:07:31 | 1761680251.624 | 0x78f161164008 |     2 |       1002 |       5000 |   1 |
| 2025-10-29 01:07:31 | 1761680251.674 | 0x78f161164014 |     5 |       1005 |       6000 |   1 |
| 2025-10-29 01:07:31 | 1761680251.725 | 0x78f16116401c |     7 |       1007 |       7000 |   1 |
| 2025-10-29 01:07:31 | 1761680251.775 | 0x78f161164008 |     2 |       5000 |       5001 |   2 |
| 2025-10-29 01:07:31 | 1761680251.825 | 0x78f161164008 |     2 |       5001 |       5002 |   3 |
| 2025-10-29 01:07:31 | 1761680251.876 | 0x78f161164008 |     2 |       5002 |       5003 |   4 |
| 2025-10-29 01:07:31 | 1761680251.926 | 0x78f161164024 |     9 |       1009 |       9999 |   1 |
| 2025-10-29 01:07:31 | 1761680251.976 | 0x78f161164004 |     1 |       1001 |       1111 |   1 |
| 2025-10-29 01:07:32 | 1761680252.027 | 0x78f161164000 |     0 |       1000 |        100 |   2 |
| 2025-10-29 01:07:32 | 1761680252.077 | 0x78f161164010 |     4 |       1004 |       4444 |   1 |
| 2025-10-29 01:07:32 | 1761680252.128 | 0x78f161164000 |     0 |        100 |       2000 |   3 |
| 2025-10-29 01:07:32 | 1761680252.178 | 0x78f161164008 |     2 |       5003 |       2200 |   5 |
| 2025-10-29 01:07:32 | 1761680252.229 | 0x78f161164010 |     4 |       4444 |       2400 |   2 |
| 2025-10-29 01:07:32 | 1761680252.280 | 0x78f161164018 |     6 |       1006 |       2600 |   1 |
| 2025-10-29 01:07:32 | 1761680252.330 | 0x78f161164020 |     8 |       1008 |       2800 |   1 |

─────────────────────────────────────────────────────────────────────────
  STATISTICS
─────────────────────────────────────────────────────────────────────────

  Total Writes Detected:    15
  Total SIGSEGV Signals:    18
  Protection Errors:        0
  Avg. SIGSEGV per Write:   1.20

|---------------------|------------|----------------|-------|------------|------------|-----|

╔════════════════════════════════════════════════════════════════════════════════════════════╗
║  Log Complete: 2025-10-29 01:07:32                                                        ║
╚════════════════════════════════════════════════════════════════════════════════════════════╝
